<?xml version="1.0" encoding="UTF-8"?>
<!-- Generated by org.testng.reporters.JUnitReportReporter -->
<testsuite hostname="sanjay-PC" name="Demo1_GAT_Request" tests="1" failures="0" timestamp="3 May 2020 11:19:11 GMT" time="8.835" errors="0">
  <testcase name="getweatherDetails" time="8.835" classname="Demo1_GAT_Request"/>
</testsuite> <!-- Demo1_GAT_Request -->
