<?xml version="1.0" encoding="UTF-8"?>
<!-- Generated by org.testng.reporters.JUnitReportReporter -->
<testsuite hostname="sanjay-PC" name="Demo2_Post_Request" tests="1" failures="0" timestamp="3 May 2020 11:41:34 GMT" time="8.486" errors="0">
  <testcase name="RegistrationSuccessful" time="8.486" classname="Demo2_Post_Request"/>
</testsuite> <!-- Demo2_Post_Request -->
