<?xml version="1.0" encoding="UTF-8"?>
<!-- Generated by org.testng.reporters.JUnitReportReporter -->
<testsuite hostname="sanjay-PC" name="data_driven_testing.Add_new_employees" tests="4" failures="0" timestamp="5 May 2020 13:45:04 GMT" time="9.329" errors="0">
  <testcase name="postNewEmployees" time="1.130" classname="data_driven_testing.Add_new_employees"/>
  <testcase name="postNewEmployees" time="1.085" classname="data_driven_testing.Add_new_employees"/>
  <testcase name="postNewEmployees" time="5.943" classname="data_driven_testing.Add_new_employees"/>
  <testcase name="postNewEmployees" time="1.171" classname="data_driven_testing.Add_new_employees"/>
</testsuite> <!-- data_driven_testing.Add_new_employees -->
