<?xml version="1.0" encoding="UTF-8"?>
<!-- Generated by org.testng.reporters.JUnitReportReporter -->
<testsuite hostname="sanjay-PC" name="Demo4_Get_Requestallheaders" tests="1" failures="0" timestamp="3 May 2020 13:09:50 GMT" time="9.611" errors="0">
  <testcase name="googleMapTest" time="9.611" classname="Demo4_Get_Requestallheaders"/>
</testsuite> <!-- Demo4_Get_Requestallheaders -->
