<?xml version="1.0" encoding="UTF-8"?>
<!-- Generated by org.testng.reporters.JUnitReportReporter -->
<testsuite hostname="sanjay-PC" name="Demo1_GET_Request" tests="1" failures="0" timestamp="18 May 2020 12:56:08 GMT" time="10.862" errors="0">
  <testcase name="getweatherDetails" time="10.862" classname="Demo1_GET_Request"/>
</testsuite> <!-- Demo1_GET_Request -->
