<?xml version="1.0" encoding="UTF-8"?>
<!-- Generated by org.testng.reporters.JUnitReportReporter -->
<testsuite hostname="sanjay-PC" name="Extract_eachvalue_Get_Request" tests="1" failures="0" timestamp="3 May 2020 13:47:48 GMT" time="6.911" errors="0">
  <testcase name="getweatherDetails" time="6.911" classname="Extract_eachvalue_Get_Request"/>
</testsuite> <!-- Extract_eachvalue_Get_Request -->
