<?xml version="1.0" encoding="UTF-8"?>
<!-- Generated by org.testng.reporters.JUnitReportReporter -->
<testsuite hostname="sanjay-PC" name="Demo3_Get_Request" tests="1" failures="0" timestamp="3 May 2020 11:54:44 GMT" time="11.599" errors="0">
  <testcase name="googleMapTest" time="11.599" classname="Demo3_Get_Request"/>
</testsuite> <!-- Demo3_Get_Request -->
