<?xml version="1.0" encoding="UTF-8"?>
<!-- Generated by org.testng.reporters.JUnitReportReporter -->
<testsuite hostname="sanjay-PC" name="Get_Request_Authorization" tests="1" failures="0" timestamp="3 May 2020 14:16:00 GMT" time="6.473" errors="0">
  <testcase name="Authorization" time="6.473" classname="Get_Request_Authorization"/>
</testsuite> <!-- Get_Request_Authorization -->
